<?xml version="1.0" encoding="UTF-8" ?>
<testsuite tests="1" failures="1" name="Ejb.CategoryEjbTest" time="0.715" errors="0" skipped="0">
  <properties>
[...]
</properties>
  <testcase classname="Ejb.CategoryEjbTest" name="testNoCatagory" time="0.715">
    <failure message="expected null, but was:&lt;[]&gt;" type="java.lang.AssertionError">java.lang.AssertionError: expected null, but was:&lt;[]&gt;
	at org.junit.Assert.fail(Assert.java:88)
	at org.junit.Assert.failNotNull(Assert.java:755)
	at org.junit.Assert.assertNull(Assert.java:737)
	at org.junit.Assert.assertNull(Assert.java:747)
	at Ejb.CategoryEjbTest.testNoCatagory(CategoryEjbTest.java:44)
	at sun.reflect.NativeMethodAccessorImpl.invoke0(Native Method)
	at sun.reflect.NativeMethodAccessorImpl.invoke(NativeMethodAccessorImpl.java:62)
	at sun.reflect.DelegatingMethodAccessorImpl.invoke(DelegatingMethodAccessorImpl.java:43)
	at java.lang.reflect.Method.invoke(Method.java:498)
	at org.junit.runners.model.FrameworkMethod$1.runReflectiveCall(FrameworkMethod.java:50)
	at org.junit.internal.runners.model.ReflectiveCallable.run(ReflectiveCallable.java:12)
	at org.junit.runners.model.FrameworkMethod.invokeExplosively(FrameworkMethod.java:47)
	at org.jboss.arquillian.junit.Arquillian$8$1.invokeMethod(Arquillian.java:325)
	at org.jboss.arquillian.junit.MethodInvoker$1.invoke(MethodInvoker.java:18)
	at org.jboss.arquillian.container.test.impl.execution.LocalTestExecuter.execute(LocalTestExecuter.java:57)
	at sun.reflect.NativeMethodAccessorImpl.invoke0(Native Method)
	at sun.reflect.NativeMethodAccessorImpl.invoke(NativeMethodAccessorImpl.java:62)
	at sun.reflect.DelegatingMethodAccessorImpl.invoke(DelegatingMethodAccessorImpl.java:43)
	at java.lang.reflect.Method.invoke(Method.java:498)
	at org.jboss.arquillian.core.impl.ObserverImpl.invoke(ObserverImpl.java:86)
	at org.jboss.arquillian.core.impl.EventContextImpl.invokeObservers(EventContextImpl.java:103)
	at org.jboss.arquillian.core.impl.EventContextImpl.proceed(EventContextImpl.java:90)
	at org.jboss.arquillian.core.impl.ManagerImpl.fire(ManagerImpl.java:133)
	at org.jboss.arquillian.core.impl.ManagerImpl.fire(ManagerImpl.java:105)
	at org.jboss.arquillian.core.impl.EventImpl.fire(EventImpl.java:62)
	at org.jboss.arquillian.container.test.impl.execution.ContainerTestExecuter.execute(ContainerTestExecuter.java:36)
	at sun.reflect.NativeMethodAccessorImpl.invoke0(Native Method)
	at sun.reflect.NativeMethodAccessorImpl.invoke(NativeMethodAccessorImpl.java:62)
	at sun.reflect.DelegatingMethodAccessorImpl.invoke(DelegatingMethodAccessorImpl.java:43)
	at java.lang.reflect.Method.invoke(Method.java:498)
	at org.jboss.arquillian.core.impl.ObserverImpl.invoke(ObserverImpl.java:86)
	at org.jboss.arquillian.core.impl.EventContextImpl.invokeObservers(EventContextImpl.java:103)
	at org.jboss.arquillian.core.impl.EventContextImpl.proceed(EventContextImpl.java:90)
	at org.jboss.arquillian.test.impl.TestContextHandler.createSuiteContext(TestContextHandler.java:69)
	at sun.reflect.NativeMethodAccessorImpl.invoke0(Native Method)
	at sun.reflect.NativeMethodAccessorImpl.invoke(NativeMethodAccessorImpl.java:62)
	at sun.reflect.DelegatingMethodAccessorImpl.invoke(DelegatingMethodAccessorImpl.java:43)
	at java.lang.reflect.Method.invoke(Method.java:498)
	at org.jboss.arquillian.core.impl.ObserverImpl.invoke(ObserverImpl.java:86)
	at org.jboss.arquillian.core.impl.EventContextImpl.proceed(EventContextImpl.java:95)
	at org.jboss.arquillian.test.impl.TestContextHandler.createTestContext(TestContextHandler.java:116)
	at sun.reflect.NativeMethodAccessorImpl.invoke0(Native Method)
	at sun.reflect.NativeMethodAccessorImpl.invoke(NativeMethodAccessorImpl.java:62)
	at sun.reflect.DelegatingMethodAccessorImpl.invoke(DelegatingMethodAccessorImpl.java:43)
	at java.lang.reflect.Method.invoke(Method.java:498)
	at org.jboss.arquillian.core.impl.ObserverImpl.invoke(ObserverImpl.java:86)
	at org.jboss.arquillian.core.impl.EventContextImpl.proceed(EventContextImpl.java:95)
	at org.jboss.arquillian.test.impl.TestContextHandler.createClassContext(TestContextHandler.java:83)
	at sun.reflect.NativeMethodAccessorImpl.invoke0(Native Method)
	at sun.reflect.NativeMethodAccessorImpl.invoke(NativeMethodAccessorImpl.java:62)
	at sun.reflect.DelegatingMethodAccessorImpl.invoke(DelegatingMethodAccessorImpl.java:43)
	at java.lang.reflect.Method.invoke(Method.java:498)
	at org.jboss.arquillian.core.impl.ObserverImpl.invoke(ObserverImpl.java:86)
	at org.jboss.arquillian.core.impl.EventContextImpl.proceed(EventContextImpl.java:95)
	at org.jboss.arquillian.core.impl.ManagerImpl.fire(ManagerImpl.java:133)
	at org.jboss.arquillian.test.impl.EventTestRunnerAdaptor.test(EventTestRunnerAdaptor.java:122)
	at org.jboss.arquillian.junit.MethodInvoker.invoke(MethodInvoker.java:15)
	at org.jboss.arquillian.junit.Arquillian$8.evaluate(Arquillian.java:332)
	at org.jboss.arquillian.junit.Arquillian$4.evaluate(Arquillian.java:204)
	at org.jboss.arquillian.junit.Arquillian.multiExecute(Arquillian.java:350)
	at org.jboss.arquillian.junit.Arquillian.access$200(Arquillian.java:54)
	at org.jboss.arquillian.junit.Arquillian$5.evaluate(Arquillian.java:215)
	at org.jboss.arquillian.junit.Arquillian$7$1.invoke(Arquillian.java:279)
	at org.jboss.arquillian.container.test.impl.execution.BeforeLifecycleEventExecuter.on(BeforeLifecycleEventExecuter.java:34)
	at sun.reflect.NativeMethodAccessorImpl.invoke0(Native Method)
	at sun.reflect.NativeMethodAccessorImpl.invoke(NativeMethodAccessorImpl.java:62)
	at sun.reflect.DelegatingMethodAccessorImpl.invoke(DelegatingMethodAccessorImpl.java:43)
	at java.lang.reflect.Method.invoke(Method.java:498)
	at org.jboss.arquillian.core.impl.ObserverImpl.invoke(ObserverImpl.java:86)
	at org.jboss.arquillian.core.impl.EventContextImpl.invokeObservers(EventContextImpl.java:103)
	at org.jboss.arquillian.core.impl.EventContextImpl.proceed(EventContextImpl.java:90)
	at org.jboss.arquillian.test.impl.TestContextHandler.createSuiteContext(TestContextHandler.java:69)
	at sun.reflect.NativeMethodAccessorImpl.invoke0(Native Method)
	at sun.reflect.NativeMethodAccessorImpl.invoke(NativeMethodAccessorImpl.java:62)
	at sun.reflect.DelegatingMethodAccessorImpl.invoke(DelegatingMethodAccessorImpl.java:43)
	at java.lang.reflect.Method.invoke(Method.java:498)
	at org.jboss.arquillian.core.impl.ObserverImpl.invoke(ObserverImpl.java:86)
	at org.jboss.arquillian.core.impl.EventContextImpl.proceed(EventContextImpl.java:95)
	at org.jboss.arquillian.test.impl.TestContextHandler.createTestContext(TestContextHandler.java:116)
	at sun.reflect.NativeMethodAccessorImpl.invoke0(Native Method)
	at sun.reflect.NativeMethodAccessorImpl.invoke(NativeMethodAccessorImpl.java:62)
	at sun.reflect.DelegatingMethodAccessorImpl.invoke(DelegatingMethodAccessorImpl.java:43)
	at java.lang.reflect.Method.invoke(Method.java:498)
	at org.jboss.arquillian.core.impl.ObserverImpl.invoke(ObserverImpl.java:86)
	at org.jboss.arquillian.core.impl.EventContextImpl.proceed(EventContextImpl.java:95)
	at org.jboss.arquillian.test.impl.TestContextHandler.createClassContext(TestContextHandler.java:83)
	at sun.reflect.NativeMethodAccessorImpl.invoke0(Native Method)
	at sun.reflect.NativeMethodAccessorImpl.invoke(NativeMethodAccessorImpl.java:62)
	at sun.reflect.DelegatingMethodAccessorImpl.invoke(DelegatingMethodAccessorImpl.java:43)
	at java.lang.reflect.Method.invoke(Method.java:498)
	at org.jboss.arquillian.core.impl.ObserverImpl.invoke(ObserverImpl.java:86)
	at org.jboss.arquillian.core.impl.EventContextImpl.proceed(EventContextImpl.java:95)
	at org.jboss.arquillian.core.impl.ManagerImpl.fire(ManagerImpl.java:133)
	at org.jboss.arquillian.core.impl.ManagerImpl.fire(ManagerImpl.java:105)
	at org.jboss.arquillian.test.impl.EventTestRunnerAdaptor.fireCustomLifecycle(EventTestRunnerAdaptor.java:142)
	at org.jboss.arquillian.junit.Arquillian$7.evaluate(Arquillian.java:273)
	at org.junit.runners.ParentRunner.runLeaf(ParentRunner.java:325)
	at org.junit.runners.BlockJUnit4ClassRunner.runChild(BlockJUnit4ClassRunner.java:78)
	at org.junit.runners.BlockJUnit4ClassRunner.runChild(BlockJUnit4ClassRunner.java:57)
	at org.junit.runners.ParentRunner$3.run(ParentRunner.java:290)
	at org.junit.runners.ParentRunner$1.schedule(ParentRunner.java:71)
	at org.junit.runners.ParentRunner.runChildren(ParentRunner.java:288)
	at org.junit.runners.ParentRunner.access$000(ParentRunner.java:58)
	at org.junit.runners.ParentRunner$2.evaluate(ParentRunner.java:268)
	at org.jboss.arquillian.junit.Arquillian$2.evaluate(Arquillian.java:166)
	at org.jboss.arquillian.junit.Arquillian.multiExecute(Arquillian.java:350)
	at org.jboss.arquillian.junit.Arquillian.access$200(Arquillian.java:54)
	at org.jboss.arquillian.junit.Arquillian$3.evaluate(Arquillian.java:177)
	at org.junit.runners.ParentRunner.run(ParentRunner.java:363)
	at org.jboss.arquillian.junit.Arquillian.run(Arquillian.java:115)
	at org.junit.runner.JUnitCore.run(JUnitCore.java:137)
	at org.junit.runner.JUnitCore.run(JUnitCore.java:115)
	at org.jboss.arquillian.junit.container.JUnitTestRunner.execute(JUnitTestRunner.java:61)
	at org.jboss.arquillian.protocol.servlet.runner.ServletTestRunner.executeTest(ServletTestRunner.java:170)
	at org.jboss.arquillian.protocol.servlet.runner.ServletTestRunner.execute(ServletTestRunner.java:135)
	at org.jboss.arquillian.protocol.servlet.runner.ServletTestRunner.doGet(ServletTestRunner.java:98)
	at javax.servlet.http.HttpServlet.service(HttpServlet.java:687)
	at javax.servlet.http.HttpServlet.service(HttpServlet.java:790)
	at io.undertow.servlet.handlers.ServletHandler.handleRequest(ServletHandler.java:85)
	at io.undertow.servlet.handlers.security.ServletSecurityRoleHandler.handleRequest(ServletSecurityRoleHandler.java:62)
	at io.undertow.servlet.handlers.ServletDispatchingHandler.handleRequest(ServletDispatchingHandler.java:36)
	at org.wildfly.extension.undertow.security.SecurityContextAssociationHandler.handleRequest(SecurityContextAssociationHandler.java:78)
	at io.undertow.server.handlers.PredicateHandler.handleRequest(PredicateHandler.java:43)
	at io.undertow.servlet.handlers.security.SSLInformationAssociationHandler.handleRequest(SSLInformationAssociationHandler.java:131)
	at io.undertow.servlet.handlers.security.ServletAuthenticationCallHandler.handleRequest(ServletAuthenticationCallHandler.java:57)
	at io.undertow.server.handlers.PredicateHandler.handleRequest(PredicateHandler.java:43)
	at io.undertow.security.handlers.AbstractConfidentialityHandler.handleRequest(AbstractConfidentialityHandler.java:46)
	at io.undertow.servlet.handlers.security.ServletConfidentialityConstraintHandler.handleRequest(ServletConfidentialityConstraintHandler.java:64)
	at io.undertow.security.handlers.AuthenticationMechanismsHandler.handleRequest(AuthenticationMechanismsHandler.java:60)
	at io.undertow.servlet.handlers.security.CachedAuthenticatedSessionHandler.handleRequest(CachedAuthenticatedSessionHandler.java:77)
	at io.undertow.security.handlers.NotificationReceiverHandler.handleRequest(NotificationReceiverHandler.java:50)
	at io.undertow.security.handlers.AbstractSecurityContextAssociationHandler.handleRequest(AbstractSecurityContextAssociationHandler.java:43)
	at io.undertow.server.handlers.PredicateHandler.handleRequest(PredicateHandler.java:43)
	at org.wildfly.extension.undertow.security.jacc.JACCContextIdHandler.handleRequest(JACCContextIdHandler.java:61)
	at io.undertow.server.handlers.PredicateHandler.handleRequest(PredicateHandler.java:43)
	at io.undertow.server.handlers.PredicateHandler.handleRequest(PredicateHandler.java:43)
	at io.undertow.servlet.handlers.ServletInitialHandler.handleFirstRequest(ServletInitialHandler.java:292)
	at io.undertow.servlet.handlers.ServletInitialHandler.access$100(ServletInitialHandler.java:81)
	at io.undertow.servlet.handlers.ServletInitialHandler$2.call(ServletInitialHandler.java:138)
	at io.undertow.servlet.handlers.ServletInitialHandler$2.call(ServletInitialHandler.java:135)
	at io.undertow.servlet.core.ServletRequestContextThreadSetupAction$1.call(ServletRequestContextThreadSetupAction.java:48)
	at io.undertow.servlet.core.ContextClassLoaderSetupAction$1.call(ContextClassLoaderSetupAction.java:43)
	at io.undertow.servlet.api.LegacyThreadSetupActionWrapper$1.call(LegacyThreadSetupActionWrapper.java:44)
	at io.undertow.servlet.api.LegacyThreadSetupActionWrapper$1.call(LegacyThreadSetupActionWrapper.java:44)
	at io.undertow.servlet.api.LegacyThreadSetupActionWrapper$1.call(LegacyThreadSetupActionWrapper.java:44)
	at io.undertow.servlet.api.LegacyThreadSetupActionWrapper$1.call(LegacyThreadSetupActionWrapper.java:44)
	at io.undertow.servlet.api.LegacyThreadSetupActionWrapper$1.call(LegacyThreadSetupActionWrapper.java:44)
	at io.undertow.servlet.api.LegacyThreadSetupActionWrapper$1.call(LegacyThreadSetupActionWrapper.java:44)
	at io.undertow.servlet.handlers.ServletInitialHandler.dispatchRequest(ServletInitialHandler.java:272)
	at io.undertow.servlet.handlers.ServletInitialHandler.access$000(ServletInitialHandler.java:81)
	at io.undertow.servlet.handlers.ServletInitialHandler$1.handleRequest(ServletInitialHandler.java:104)
	at io.undertow.server.Connectors.executeRootHandler(Connectors.java:202)
	at io.undertow.server.HttpServerExchange$1.run(HttpServerExchange.java:805)
	at java.util.concurrent.ThreadPoolExecutor.runWorker(ThreadPoolExecutor.java:1142)
	at java.util.concurrent.ThreadPoolExecutor$Worker.run(ThreadPoolExecutor.java:617)
	at java.lang.Thread.run(Thread.java:745)
</failure>
    <system-out>11:31:27,461 INFO  [org.jboss.modules] (main) JBoss Modules version 1.5.2.Final
11:31:27,776 INFO  [org.jboss.msc] (main) JBoss MSC version 1.2.6.Final
11:31:27,840 INFO  [org.jboss.as] (MSC service thread 1-7) WFLYSRV0049: WildFly Full 10.1.0.Final (WildFly Core 2.2.0.Final) starting
11:31:28,764 INFO  [org.jboss.as.server] (Controller Boot Thread) WFLYSRV0039: Creating http management service using socket-binding (management-http)
11:31:28,792 INFO  [org.xnio] (MSC service thread 1-2) XNIO version 3.4.0.Final
11:31:28,800 INFO  [org.xnio.nio] (MSC service thread 1-2) XNIO NIO Implementation Version 3.4.0.Final
11:31:28,855 INFO  [org.jboss.as.clustering.infinispan] (ServerService Thread Pool -- 38) WFLYCLINF0001: Activating Infinispan subsystem.
11:31:28,863 INFO  [org.wildfly.extension.io] (ServerService Thread Pool -- 37) WFLYIO001: Worker &apos;default&apos; has auto-configured to 16 core threads with 128 task threads based on your 8 available processors
11:31:28,867 WARN  [org.jboss.as.txn] (ServerService Thread Pool -- 54) WFLYTX0013: Node identifier property is set to the default value. Please make sure it is unique.
11:31:28,866 INFO  [org.jboss.remoting] (MSC service thread 1-2) JBoss Remoting version 4.0.21.Final
11:31:28,874 INFO  [org.jboss.as.naming] (ServerService Thread Pool -- 46) WFLYNAM0001: Activating Naming Subsystem
11:31:28,891 INFO  [org.jboss.as.security] (ServerService Thread Pool -- 53) WFLYSEC0002: Activating Security Subsystem
11:31:28,959 INFO  [org.jboss.as.webservices] (ServerService Thread Pool -- 56) WFLYWS0002: Activating WebServices Extension
11:31:28,966 INFO  [org.jboss.as.connector] (MSC service thread 1-4) WFLYJCA0009: Starting JCA Subsystem (WildFly/IronJacamar 1.3.4.Final)
11:31:28,967 INFO  [org.jboss.as.jsf] (ServerService Thread Pool -- 44) WFLYJSF0007: Activated the following JSF Implementations: [main]
11:31:28,983 INFO  [org.jboss.as.security] (MSC service thread 1-4) WFLYSEC0001: Current PicketBox version=4.9.6.Final
11:31:29,036 INFO  [org.jboss.as.naming] (MSC service thread 1-2) WFLYNAM0003: Starting Naming Service
11:31:29,037 INFO  [org.jboss.as.mail.extension] (MSC service thread 1-2) WFLYMAIL0001: Bound mail session [java:jboss/mail/Default]
11:31:29,050 INFO  [org.wildfly.extension.undertow] (MSC service thread 1-6) WFLYUT0003: Undertow 1.4.0.Final starting
11:31:29,054 INFO  [org.jboss.as.connector.subsystems.datasources] (ServerService Thread Pool -- 33) WFLYJCA0004: Deploying JDBC-compliant driver class org.h2.Driver (version 1.3)
11:31:29,058 INFO  [org.jboss.as.connector.deployers.jdbc] (MSC service thread 1-2) WFLYJCA0018: Started Driver service with driver-name = h2
11:31:29,189 INFO  [org.jboss.as.ejb3] (MSC service thread 1-6) WFLYEJB0481: Strict pool slsb-strict-max-pool is using a max instance size of 128 (per class), which is derived from thread worker pool sizing.
11:31:29,189 INFO  [org.jboss.as.ejb3] (MSC service thread 1-8) WFLYEJB0482: Strict pool mdb-strict-max-pool is using a max instance size of 32 (per class), which is derived from the number of CPUs on this host.
11:31:29,219 INFO  [org.wildfly.extension.undertow] (ServerService Thread Pool -- 55) WFLYUT0014: Creating file handler for path &apos;D:\Documents\Skolearbeid\Enterprise 1\Task1\QuizGame\target\downloaded_Wildfly\wildfly/welcome-content&apos; with options [directory-listing: &apos;false&apos;, follow-symlink: &apos;false&apos;, case-sensitive: &apos;true&apos;, safe-symlink-paths: &apos;[]&apos;]
11:31:29,225 INFO  [org.wildfly.extension.undertow] (MSC service thread 1-1) WFLYUT0012: Started server default-server.
11:31:29,226 INFO  [org.wildfly.extension.undertow] (MSC service thread 1-4) WFLYUT0018: Host default-host starting
11:31:29,379 INFO  [org.wildfly.extension.undertow] (MSC service thread 1-7) WFLYUT0006: Undertow HTTP listener default listening on 127.0.0.1:8080
11:31:29,506 WARN  [org.jboss.as.domain.management.security] (MSC service thread 1-6) WFLYDM0111: Keystore D:\Documents\Skolearbeid\Enterprise 1\Task1\QuizGame\target\downloaded_Wildfly\wildfly\standalone\configuration\application.keystore not found, it will be auto generated on first use with a self signed certificate for host localhost
11:31:29,534 INFO  [org.jboss.as.server.deployment.scanner] (MSC service thread 1-1) WFLYDS0013: Started FileSystemDeploymentService for directory D:\Documents\Skolearbeid\Enterprise 1\Task1\QuizGame\target\downloaded_Wildfly\wildfly\standalone\deployments
11:31:29,649 INFO  [org.jboss.as.connector.subsystems.datasources] (MSC service thread 1-4) WFLYJCA0001: Bound data source [java:jboss/datasources/ExampleDS]
11:31:29,691 INFO  [org.infinispan.factories.GlobalComponentRegistry] (MSC service thread 1-8) ISPN000128: Infinispan version: Infinispan &apos;Chakra&apos; 8.2.4.Final
11:31:29,710 INFO  [org.wildfly.extension.undertow] (MSC service thread 1-5) WFLYUT0006: Undertow HTTPS listener https listening on 127.0.0.1:8443
11:31:29,744 INFO  [org.infinispan.configuration.cache.EvictionConfigurationBuilder] (ServerService Thread Pool -- 58) ISPN000152: Passivation configured without an eviction policy being selected. Only manually evicted entities will be passivated.
11:31:29,745 INFO  [org.infinispan.configuration.cache.EvictionConfigurationBuilder] (ServerService Thread Pool -- 65) ISPN000152: Passivation configured without an eviction policy being selected. Only manually evicted entities will be passivated.
11:31:29,746 INFO  [org.infinispan.configuration.cache.EvictionConfigurationBuilder] (ServerService Thread Pool -- 65) ISPN000152: Passivation configured without an eviction policy being selected. Only manually evicted entities will be passivated.
11:31:29,745 INFO  [org.infinispan.configuration.cache.EvictionConfigurationBuilder] (ServerService Thread Pool -- 58) ISPN000152: Passivation configured without an eviction policy being selected. Only manually evicted entities will be passivated.
11:31:29,752 INFO  [org.infinispan.configuration.cache.EvictionConfigurationBuilder] (ServerService Thread Pool -- 64) ISPN000152: Passivation configured without an eviction policy being selected. Only manually evicted entities will be passivated.
11:31:29,753 INFO  [org.infinispan.configuration.cache.EvictionConfigurationBuilder] (ServerService Thread Pool -- 64) ISPN000152: Passivation configured without an eviction policy being selected. Only manually evicted entities will be passivated.
11:31:29,864 INFO  [org.jboss.ws.common.management] (MSC service thread 1-5) JBWS022052: Starting JBossWS 5.1.5.Final (Apache CXF 3.1.6) 
11:31:30,042 INFO  [org.jboss.as] (Controller Boot Thread) WFLYSRV0060: Http management interface listening on http://127.0.0.1:9990/management
11:31:30,043 INFO  [org.jboss.as] (Controller Boot Thread) WFLYSRV0051: Admin console listening on http://127.0.0.1:9990
11:31:30,043 INFO  [org.jboss.as] (Controller Boot Thread) WFLYSRV0025: WildFly Full 10.1.0.Final (WildFly Core 2.2.0.Final) started in 2944ms - Started 331 of 577 services (393 services are lazy, passive or on-demand)
11:31:30,801 INFO  [org.jboss.as.repository] (management-handler-thread - 4) WFLYDR0001: Content added at location D:\Documents\Skolearbeid\Enterprise 1\Task1\QuizGame\target\downloaded_Wildfly\wildfly\standalone\data\content\2a\756e8f43a5e90ecdc1c1d164d2b367757ee972\content
11:31:30,818 INFO  [org.jboss.as.server.deployment] (MSC service thread 1-2) WFLYSRV0027: Starting deployment of &quot;test.war&quot; (runtime-name: &quot;test.war&quot;)
11:31:31,381 INFO  [org.jboss.as.jpa] (MSC service thread 1-7) WFLYJPA0002: Read persistence.xml for H2-Manual
11:31:31,381 INFO  [org.jboss.as.jpa] (MSC service thread 1-7) WFLYJPA0002: Read persistence.xml for JTA
11:31:31,455 INFO  [org.jboss.as.jpa] (ServerService Thread Pool -- 3) WFLYJPA0010: Starting Persistence Unit (phase 1 of 2) Service &apos;test.war#H2-Manual&apos;
11:31:31,455 INFO  [org.jboss.as.jpa] (ServerService Thread Pool -- 14) WFLYJPA0010: Starting Persistence Unit (phase 1 of 2) Service &apos;test.war#JTA&apos;
11:31:31,479 INFO  [org.hibernate.jpa.internal.util.LogHelper] (ServerService Thread Pool -- 3) HHH000204: Processing PersistenceUnitInfo [
	name: H2-Manual
	...]
11:31:31,479 INFO  [org.hibernate.jpa.internal.util.LogHelper] (ServerService Thread Pool -- 14) HHH000204: Processing PersistenceUnitInfo [
	name: JTA
	...]
11:31:31,521 INFO  [org.jboss.weld.deployer] (MSC service thread 1-7) WFLYWELD0003: Processing weld deployment test.war
11:31:31,576 INFO  [org.hibernate.Version] (ServerService Thread Pool -- 14) HHH000412: Hibernate Core {5.0.10.Final}
11:31:31,579 INFO  [org.hibernate.cfg.Environment] (ServerService Thread Pool -- 14) HHH000206: hibernate.properties not found
11:31:31,582 INFO  [org.hibernate.cfg.Environment] (ServerService Thread Pool -- 14) HHH000021: Bytecode provider name : javassist
11:31:31,603 INFO  [org.hibernate.validator.internal.util.Version] (MSC service thread 1-7) HV000001: Hibernate Validator 5.2.4.Final
11:31:31,630 INFO  [org.hibernate.annotations.common.Version] (ServerService Thread Pool -- 3) HCANN000001: Hibernate Commons Annotations {5.0.1.Final}
11:31:31,689 INFO  [org.jboss.as.ejb3.deployment] (MSC service thread 1-7) WFLYEJB0473: JNDI bindings for session bean named &apos;ResetEjb&apos; in deployment unit &apos;deployment &quot;test.war&quot;&apos; are as follows:

	java:global/test/ResetEjb!Ejb.ResetEjb
	java:app/test/ResetEjb!Ejb.ResetEjb
	java:module/ResetEjb!Ejb.ResetEjb
	java:global/test/ResetEjb
	java:app/test/ResetEjb
	java:module/ResetEjb

11:31:31,690 INFO  [org.jboss.as.ejb3.deployment] (MSC service thread 1-7) WFLYEJB0473: JNDI bindings for session bean named &apos;CategoryEjb&apos; in deployment unit &apos;deployment &quot;test.war&quot;&apos; are as follows:

	java:global/test/CategoryEjb!JEE.EjbBusinessLogic.CategoryEjb
	java:app/test/CategoryEjb!JEE.EjbBusinessLogic.CategoryEjb
	java:module/CategoryEjb!JEE.EjbBusinessLogic.CategoryEjb
	java:global/test/CategoryEjb
	java:app/test/CategoryEjb
	java:module/CategoryEjb

11:31:31,845 INFO  [org.infinispan.configuration.cache.EvictionConfigurationBuilder] (ServerService Thread Pool -- 3) ISPN000152: Passivation configured without an eviction policy being selected. Only manually evicted entities will be passivated.
11:31:31,846 INFO  [org.infinispan.configuration.cache.EvictionConfigurationBuilder] (ServerService Thread Pool -- 3) ISPN000152: Passivation configured without an eviction policy being selected. Only manually evicted entities will be passivated.
11:31:31,899 INFO  [org.jboss.weld.Version] (MSC service thread 1-5) WELD-000900: 2.3.5 (Final)
11:31:32,092 INFO  [org.jboss.as.jpa] (ServerService Thread Pool -- 14) WFLYJPA0010: Starting Persistence Unit (phase 2 of 2) Service &apos;test.war#H2-Manual&apos;
11:31:32,092 INFO  [org.jboss.as.jpa] (ServerService Thread Pool -- 28) WFLYJPA0010: Starting Persistence Unit (phase 2 of 2) Service &apos;test.war#JTA&apos;
11:31:32,150 INFO  [org.jboss.as.clustering.infinispan] (ServerService Thread Pool -- 3) WFLYCLINF0002: Started client-mappings cache from ejb container
11:31:32,310 INFO  [org.hibernate.dialect.Dialect] (ServerService Thread Pool -- 28) HHH000400: Using dialect: org.hibernate.dialect.H2Dialect
11:31:32,310 INFO  [org.hibernate.dialect.Dialect] (ServerService Thread Pool -- 14) HHH000400: Using dialect: org.hibernate.dialect.H2Dialect
11:31:32,316 WARN  [org.hibernate.dialect.H2Dialect] (ServerService Thread Pool -- 28) HHH000431: Unable to determine H2 database version, certain features may not work
11:31:32,316 WARN  [org.hibernate.dialect.H2Dialect] (ServerService Thread Pool -- 14) HHH000431: Unable to determine H2 database version, certain features may not work
11:31:32,351 INFO  [org.hibernate.envers.boot.internal.EnversServiceImpl] (ServerService Thread Pool -- 28) Envers integration enabled? : true
11:31:32,351 INFO  [org.hibernate.envers.boot.internal.EnversServiceImpl] (ServerService Thread Pool -- 14) Envers integration enabled? : true
11:31:32,861 INFO  [org.hibernate.tool.hbm2ddl.SchemaExport] (ServerService Thread Pool -- 14) HHH000227: Running hbm2ddl schema export
11:31:32,868 INFO  [stdout] (ServerService Thread Pool -- 14) Hibernate: drop table Category if exists
11:31:32,870 INFO  [stdout] (ServerService Thread Pool -- 14) Hibernate: drop table Quiz if exists
11:31:32,870 INFO  [stdout] (ServerService Thread Pool -- 14) Hibernate: drop table SubCategory if exists
11:31:32,870 INFO  [stdout] (ServerService Thread Pool -- 14) Hibernate: drop sequence if exists hibernate_sequence
11:31:32,871 INFO  [stdout] (ServerService Thread Pool -- 14) Hibernate: create sequence hibernate_sequence start with 1 increment by 1
11:31:32,873 INFO  [stdout] (ServerService Thread Pool -- 14) Hibernate: create table Category (id bigint not null, name varchar(128) not null, primary key (id))
11:31:32,874 INFO  [stdout] (ServerService Thread Pool -- 14) Hibernate: create table Quiz (id bigint not null, answer1 varchar(128) not null, answer2 varchar(128) not null, answer3 varchar(128) not null, answer4 varchar(128) not null, question varchar(256) not null, rightAnswer bigint not null check (rightAnswer&gt;=0 AND rightAnswer&lt;=3), subCategory_id bigint not null, primary key (id))
11:31:32,876 INFO  [stdout] (ServerService Thread Pool -- 14) Hibernate: create table SubCategory (id bigint not null, name varchar(128) not null, category_id bigint not null, primary key (id))
11:31:32,877 INFO  [stdout] (ServerService Thread Pool -- 14) Hibernate: alter table Category add constraint UK_foei036ov74bv692o5lh5oi66 unique (name)
11:31:32,878 INFO  [stdout] (ServerService Thread Pool -- 14) Hibernate: alter table Quiz add constraint UK_q4b6wyhfm04u8jnsqw2tx2wxh unique (question)
11:31:32,879 INFO  [stdout] (ServerService Thread Pool -- 14) Hibernate: alter table Quiz add constraint UK_aujbrntfpti46s74ygmgkrngb unique (rightAnswer)
11:31:32,879 INFO  [stdout] (ServerService Thread Pool -- 14) Hibernate: alter table Quiz add constraint FKa14569rl1ol6eb40vafv1yci8 foreign key (subCategory_id) references SubCategory
11:31:32,884 INFO  [stdout] (ServerService Thread Pool -- 14) Hibernate: alter table SubCategory add constraint FK806xr1d6ncs4kj5poyk81o90m foreign key (category_id) references Category
11:31:32,886 INFO  [org.hibernate.tool.hbm2ddl.SchemaExport] (ServerService Thread Pool -- 14) HHH000230: Schema export complete
11:31:33,467 INFO  [org.wildfly.extension.undertow] (ServerService Thread Pool -- 3) WFLYUT0021: Registered web context: /test
11:31:33,527 INFO  [org.jboss.as.server] (management-handler-thread - 4) WFLYSRV0010: Deployed &quot;test.war&quot; (runtime-name : &quot;test.war&quot;)
11:31:34,405 INFO  [org.hibernate.hql.internal.QueryTranslatorFactoryInitiator] (default task-2) HHH000397: Using ASTQueryTranslatorFactory
</system-out>
    <system-err>feb 07, 2018 11:31:26 AM org.jboss.as.arquillian.container.managed.ManagedDeployableContainer startInternal
WARNING: Bundles path is deprecated and no longer used.
feb 07, 2018 11:31:26 AM org.jboss.as.arquillian.container.managed.ManagedDeployableContainer startInternal
INFO: Starting container with: [&quot;C:\Program Files\Java\jdk1.8.0_101\bin\java&quot;, -D[Standalone], -Xms64m, -Xmx512m, -Djava.net.preferIPv4Stack=true, -Djava.awt.headless=true, -Djboss.modules.system.pkgs=org.jboss.byteman, -ea, -Djboss.home.dir=D:\Documents\Skolearbeid\Enterprise 1\Task1\QuizGame\target\downloaded_Wildfly\wildfly, -Dorg.jboss.boot.log.file=D:\Documents\Skolearbeid\Enterprise 1\Task1\QuizGame\target\downloaded_Wildfly\wildfly\standalone\log\server.log, -Dlogging.configuration=file:D:\Documents\Skolearbeid\Enterprise 1\Task1\QuizGame\target\downloaded_Wildfly\wildfly\standalone\configuration\logging.properties, -jar, D:\Documents\Skolearbeid\Enterprise 1\Task1\QuizGame\target\downloaded_Wildfly\wildfly\jboss-modules.jar, -mp, D:\Documents\Skolearbeid\Enterprise 1\Task1\QuizGame\target\downloaded_Wildfly\wildfly\modules, org.jboss.as.standalone, -Djboss.home.dir=D:\Documents\Skolearbeid\Enterprise 1\Task1\QuizGame\target\downloaded_Wildfly\wildfly, -Djboss.server.base.dir=D:\Documents\Skolearbeid\Enterprise 1\Task1\QuizGame\target\downloaded_Wildfly\wildfly\standalone, -Djboss.server.log.dir=D:\Documents\Skolearbeid\Enterprise 1\Task1\QuizGame\target\downloaded_Wildfly\wildfly\standalone\log, -Djboss.server.config.dir=D:\Documents\Skolearbeid\Enterprise 1\Task1\QuizGame\target\downloaded_Wildfly\wildfly\standalone\configuration]
feb 07, 2018 11:31:27 AM org.jboss.remoting3.EndpointImpl &lt;clinit&gt;
INFO: JBoss Remoting version 5.0.0.Final
feb 07, 2018 11:31:27 AM org.xnio.Xnio &lt;clinit&gt;
INFO: XNIO version 3.5.1.Final
feb 07, 2018 11:31:27 AM org.xnio.nio.NioXnio &lt;clinit&gt;
INFO: XNIO NIO Implementation Version 3.5.1.Final
feb 07, 2018 11:31:27 AM org.wildfly.security.Version &lt;clinit&gt;
INFO: ELY00001: WildFly Elytron version 1.1.0.Final
</system-err>
  </testcase>
</testsuite>